Using pre-set license
Built from '6000.0/staging' branch; Version is '6000.0.38f1 (82314a941f2d) revision 8532298'; Using compiler version '193933523'; Build Type 'Release'
OS: 'Windows 11  (10.0.26100) 64bit Professional' Language: 'en' Physical Memory: 65233 MB
BatchMode: 1, IsHumanControllingUs: 0, StartBugReporterOnCrash: 0, Is64bit: 1, IsPro: 1

COMMAND LINE ARGUMENTS:
C:\Program Files\Unity\Hub\Editor\6000.0.38f1\Editor\Unity.exe
-adb2
-batchMode
-noUpm
-name
AssetImportWorker10
-projectPath
C:/Users/Rachel/Documents/GitHub/QuantumUno/QuantumUno
-logFile
Logs/AssetImportWorker10.log
-srvPort
63171
-job-worker-count
9
-background-job-worker-count
8
-gc-helper-count
1
Successfully changed project path to: C:/Users/Rachel/Documents/GitHub/QuantumUno/QuantumUno
C:/Users/Rachel/Documents/GitHub/QuantumUno/QuantumUno
[UnityMemory] Configuration Parameters - Can be set up in boot.config
    "memorysetup-bucket-allocator-granularity=16"
    "memorysetup-bucket-allocator-bucket-count=8"
    "memorysetup-bucket-allocator-block-size=33554432"
    "memorysetup-bucket-allocator-block-count=8"
    "memorysetup-main-allocator-block-size=16777216"
    "memorysetup-thread-allocator-block-size=16777216"
    "memorysetup-gfx-main-allocator-block-size=16777216"
    "memorysetup-gfx-thread-allocator-block-size=16777216"
    "memorysetup-cache-allocator-block-size=4194304"
    "memorysetup-typetree-allocator-block-size=2097152"
    "memorysetup-profiler-bucket-allocator-granularity=16"
    "memorysetup-profiler-bucket-allocator-bucket-count=8"
    "memorysetup-profiler-bucket-allocator-block-size=33554432"
    "memorysetup-profiler-bucket-allocator-block-count=8"
    "memorysetup-profiler-allocator-block-size=16777216"
    "memorysetup-profiler-editor-allocator-block-size=1048576"
    "memorysetup-temp-allocator-size-main=16777216"
    "memorysetup-job-temp-allocator-block-size=2097152"
    "memorysetup-job-temp-allocator-block-size-background=1048576"
    "memorysetup-job-temp-allocator-reduction-small-platforms=262144"
    "memorysetup-allocator-temp-initial-block-size-main=262144"
    "memorysetup-allocator-temp-initial-block-size-worker=262144"
    "memorysetup-temp-allocator-size-background-worker=32768"
    "memorysetup-temp-allocator-size-job-worker=262144"
    "memorysetup-temp-allocator-size-preload-manager=33554432"
    "memorysetup-temp-allocator-size-nav-mesh-worker=65536"
    "memorysetup-temp-allocator-size-audio-worker=65536"
    "memorysetup-temp-allocator-size-cloud-worker=32768"
    "memorysetup-temp-allocator-size-gi-baking-worker=262144"
    "memorysetup-temp-allocator-size-gi-baking-worker=262144"
    "memorysetup-temp-allocator-size-gi-baking-worker=262144"
    "memorysetup-temp-allocator-size-gi-baking-worker=262144"
    "memorysetup-temp-allocator-size-gi-baking-worker=262144"
    "memorysetup-temp-allocator-size-gfx=262144"
Player connection [2580]  Target information:

Player connection [2580]  * "[IP] 172.23.16.1 [Port] 0 [Flags] 2 [Guid] 2143593173 [EditorId] 2143593173 [Version] 1048832 [Id] WindowsEditor(7,laptop-Rachel) [Debug] 1 [PackageName] WindowsEditor [ProjectName] Editor" 

Player connection [2580]  * "[IP] 35.2.162.126 [Port] 0 [Flags] 2 [Guid] 2143593173 [EditorId] 2143593173 [Version] 1048832 [Id] WindowsEditor(7,laptop-Rachel) [Debug] 1 [PackageName] WindowsEditor [ProjectName] Editor" 

Player connection [2580] Host joined multi-casting on [225.0.0.222:54997]...
Player connection [2580] Host joined alternative multi-casting on [225.0.0.222:34997]...
JobSystem: Creating JobQueue using job-worker-count value 9
Input System module state changed to: Initialized.
[Physics::Module] Initialized fallback backend.
[Physics::Module] Id: 0xdecafbad
Library Redirect Path: Library/
[Physics::Module] Selected backend.
[Physics::Module] Name: PhysX
[Physics::Module] Id: 0xf2b8ea05
[Physics::Module] SDK Version: 4.1.2
[Physics::Module] Integration Version: 1.0.0
[Physics::Module] Threading Mode: Multi-Threaded
Refreshing native plugins compatible for Editor in 0.00 ms, found 0 plugins.
Preloading 0 native plugins for Editor in 0.00 ms.
Initialize engine version: 6000.0.38f1 (82314a941f2d)
[Subsystems] Discovering subsystems at path C:/Program Files/Unity/Hub/Editor/6000.0.38f1/Editor/Data/Resources/UnitySubsystems
[Subsystems] Discovering subsystems at path C:/Users/Rachel/Documents/GitHub/QuantumUno/QuantumUno/Assets
GfxDevice: creating device client; kGfxThreadingModeNonThreaded
Direct3D:
    Version:  Direct3D 11.0 [level 11.1]
    Renderer: NVIDIA T600 Laptop GPU (ID=0x1fb6)
    Vendor:   NVIDIA
    VRAM:     3952 MB
    Driver:   31.0.15.3878
Initialize mono
Mono path[0] = 'C:/Program Files/Unity/Hub/Editor/6000.0.38f1/Editor/Data/Managed'
Mono path[1] = 'C:/Program Files/Unity/Hub/Editor/6000.0.38f1/Editor/Data/MonoBleedingEdge/lib/mono/unityjit-win32'
Mono config path = 'C:/Program Files/Unity/Hub/Editor/6000.0.38f1/Editor/Data/MonoBleedingEdge/etc'
Using monoOptions --debugger-agent=transport=dt_socket,embedding=1,server=y,suspend=n,address=127.0.0.1:56524
Begin MonoManager ReloadAssembly
Registering precompiled unity dll's ...
Register platform support module: C:/Program Files/Unity/Hub/Editor/6000.0.38f1/Editor/Data/PlaybackEngines/WindowsStandaloneSupport/UnityEditor.WindowsStandalone.Extensions.dll
Register platform support module: C:/Program Files/Unity/Hub/Editor/6000.0.38f1/Editor/Data/PlaybackEngines/AndroidPlayer/UnityEditor.Android.Extensions.dll
Registered in 0.004182 seconds.
- Loaded All Assemblies, in  0.395 seconds
Native extension for Android target not found
Android Extension - Scanning For ADB Devices 249 ms
Native extension for WindowsStandalone target not found
Mono: successfully reloaded assembly
- Finished resetting the current domain, in  0.588 seconds
Domain Reload Profiling: 981ms
	BeginReloadAssembly (138ms)
		ExecutionOrderSort (0ms)
		DisableScriptedObjects (0ms)
		BackupInstance (0ms)
		ReleaseScriptingObjects (0ms)
		CreateAndSetChildDomain (1ms)
	RebuildCommonClasses (36ms)
	RebuildNativeTypeToScriptingClass (11ms)
	initialDomainReloadingComplete (51ms)
	LoadAllAssembliesAndSetupDomain (156ms)
		LoadAssemblies (136ms)
		RebuildTransferFunctionScriptingTraits (0ms)
		AnalyzeDomain (153ms)
			TypeCache.Refresh (151ms)
				TypeCache.ScanAssembly (139ms)
			BuildScriptInfoCaches (0ms)
			ResolveRequiredComponents (0ms)
	FinalizeReload (588ms)
		ReleaseScriptCaches (0ms)
		RebuildScriptCaches (0ms)
		SetupLoadedEditorAssemblies (561ms)
			LogAssemblyErrors (0ms)
			InitializePlatformSupportModulesInManaged (338ms)
			SetLoadedEditorAssemblies (3ms)
			BeforeProcessingInitializeOnLoad (46ms)
			ProcessInitializeOnLoadAttributes (118ms)
			ProcessInitializeOnLoadMethodAttributes (55ms)
			AfterProcessingInitializeOnLoad (0ms)
			EditorAssembliesLoaded (0ms)
		ExecutionOrderSort2 (0ms)
		AwakeInstancesAfterBackupRestoration (0ms)
========================================================================
Worker process is ready to serve import requests
Import Worker Mode flag is 0x00
Begin MonoManager ReloadAssembly
- Loaded All Assemblies, in  0.226 seconds
Refreshing native plugins compatible for Editor in 0.00 ms, found 0 plugins.
Native extension for Android target not found
Native extension for WindowsStandalone target not found
Mono: successfully reloaded assembly
- Finished resetting the current domain, in  0.358 seconds
Domain Reload Profiling: 582ms
	BeginReloadAssembly (135ms)
		ExecutionOrderSort (0ms)
		DisableScriptedObjects (4ms)
		BackupInstance (0ms)
		ReleaseScriptingObjects (0ms)
		CreateAndSetChildDomain (23ms)
	RebuildCommonClasses (32ms)
	RebuildNativeTypeToScriptingClass (9ms)
	initialDomainReloadingComplete (16ms)
	LoadAllAssembliesAndSetupDomain (31ms)
		LoadAssemblies (85ms)
		RebuildTransferFunctionScriptingTraits (0ms)
		AnalyzeDomain (27ms)
			TypeCache.Refresh (21ms)
				TypeCache.ScanAssembly (15ms)
			BuildScriptInfoCaches (3ms)
			ResolveRequiredComponents (2ms)
	FinalizeReload (359ms)
		ReleaseScriptCaches (0ms)
		RebuildScriptCaches (0ms)
		SetupLoadedEditorAssemblies (250ms)
			LogAssemblyErrors (0ms)
			InitializePlatformSupportModulesInManaged (12ms)
			SetLoadedEditorAssemblies (3ms)
			BeforeProcessingInitializeOnLoad (64ms)
			ProcessInitializeOnLoadAttributes (139ms)
			ProcessInitializeOnLoadMethodAttributes (27ms)
			AfterProcessingInitializeOnLoad (4ms)
			EditorAssembliesLoaded (0ms)
		ExecutionOrderSort2 (0ms)
		AwakeInstancesAfterBackupRestoration (6ms)
Launched and connected shader compiler UnityShaderCompiler.exe after 0.01 seconds
Refreshing native plugins compatible for Editor in 0.00 ms, found 0 plugins.
Preloading 0 native plugins for Editor in 0.00 ms.
Unloading 22 Unused Serialized files (Serialized files now loaded: 0)
Unloading 418 unused Assets / (65.7 KB). Loaded Objects now: 931.
Memory consumption went from 61.2 MB to 61.2 MB.
Total: 4.551500 ms (FindLiveObjects: 0.086300 ms CreateObjectMapping: 0.024300 ms MarkObjects: 4.281300 ms  DeleteObjects: 0.158500 ms)

========================================================================
Received Prepare
Begin MonoManager ReloadAssembly
- Loaded All Assemblies, in  0.281 seconds
Refreshing native plugins compatible for Editor in 0.00 ms, found 0 plugins.
Native extension for Android target not found
Native extension for WindowsStandalone target not found
Mono: successfully reloaded assembly
- Finished resetting the current domain, in  0.438 seconds
Domain Reload Profiling: 715ms
	BeginReloadAssembly (184ms)
		ExecutionOrderSort (0ms)
		DisableScriptedObjects (4ms)
		BackupInstance (0ms)
		ReleaseScriptingObjects (0ms)
		CreateAndSetChildDomain (29ms)
	RebuildCommonClasses (32ms)
	RebuildNativeTypeToScriptingClass (13ms)
	initialDomainReloadingComplete (21ms)
	LoadAllAssembliesAndSetupDomain (28ms)
		LoadAssemblies (118ms)
		RebuildTransferFunctionScriptingTraits (0ms)
		AnalyzeDomain (19ms)
			TypeCache.Refresh (4ms)
				TypeCache.ScanAssembly (0ms)
			BuildScriptInfoCaches (10ms)
			ResolveRequiredComponents (2ms)
	FinalizeReload (438ms)
		ReleaseScriptCaches (0ms)
		RebuildScriptCaches (0ms)
		SetupLoadedEditorAssemblies (302ms)
			LogAssemblyErrors (0ms)
			InitializePlatformSupportModulesInManaged (16ms)
			SetLoadedEditorAssemblies (4ms)
			BeforeProcessingInitializeOnLoad (71ms)
			ProcessInitializeOnLoadAttributes (166ms)
			ProcessInitializeOnLoadMethodAttributes (39ms)
			AfterProcessingInitializeOnLoad (5ms)
			EditorAssembliesLoaded (0ms)
		ExecutionOrderSort2 (0ms)
		AwakeInstancesAfterBackupRestoration (10ms)
Refreshing native plugins compatible for Editor in 0.00 ms, found 0 plugins.
Preloading 0 native plugins for Editor in 0.00 ms.
Unloading 0 Unused Serialized files (Serialized files now loaded: 0)
Unloading 416 unused Assets / (41.2 KB). Loaded Objects now: 931.
Memory consumption went from 56.7 MB to 56.7 MB.
Total: 5.290700 ms (FindLiveObjects: 0.091700 ms CreateObjectMapping: 0.039200 ms MarkObjects: 4.977900 ms  DeleteObjects: 0.179800 ms)

Prepare: number of updated asset objects reloaded= 0
========================================================================
Received Prepare
Refreshing native plugins compatible for Editor in 0.00 ms, found 0 plugins.
Preloading 0 native plugins for Editor in 0.00 ms.
Unloading 0 Unused Serialized files (Serialized files now loaded: 0)
Unloading 416 unused Assets / (29.6 KB). Loaded Objects now: 931.
Memory consumption went from 56.9 MB to 56.9 MB.
Total: 3.609200 ms (FindLiveObjects: 0.091000 ms CreateObjectMapping: 0.025300 ms MarkObjects: 3.381000 ms  DeleteObjects: 0.110300 ms)

Prepare: number of updated asset objects reloaded= 0
========================================================================
Received Prepare
Begin MonoManager ReloadAssembly
- Loaded All Assemblies, in  0.282 seconds
Refreshing native plugins compatible for Editor in 0.00 ms, found 0 plugins.
Native extension for Android target not found
Native extension for WindowsStandalone target not found
Mono: successfully reloaded assembly
- Finished resetting the current domain, in  0.400 seconds
Domain Reload Profiling: 680ms
	BeginReloadAssembly (177ms)
		ExecutionOrderSort (0ms)
		DisableScriptedObjects (7ms)
		BackupInstance (0ms)
		ReleaseScriptingObjects (0ms)
		CreateAndSetChildDomain (24ms)
	RebuildCommonClasses (43ms)
	RebuildNativeTypeToScriptingClass (9ms)
	initialDomainReloadingComplete (22ms)
	LoadAllAssembliesAndSetupDomain (28ms)
		LoadAssemblies (120ms)
		RebuildTransferFunctionScriptingTraits (0ms)
		AnalyzeDomain (19ms)
			TypeCache.Refresh (5ms)
				TypeCache.ScanAssembly (0ms)
			BuildScriptInfoCaches (9ms)
			ResolveRequiredComponents (3ms)
	FinalizeReload (400ms)
		ReleaseScriptCaches (0ms)
		RebuildScriptCaches (0ms)
		SetupLoadedEditorAssemblies (276ms)
			LogAssemblyErrors (0ms)
			InitializePlatformSupportModulesInManaged (16ms)
			SetLoadedEditorAssemblies (4ms)
			BeforeProcessingInitializeOnLoad (68ms)
			ProcessInitializeOnLoadAttributes (141ms)
			ProcessInitializeOnLoadMethodAttributes (37ms)
			AfterProcessingInitializeOnLoad (9ms)
			EditorAssembliesLoaded (0ms)
		ExecutionOrderSort2 (0ms)
		AwakeInstancesAfterBackupRestoration (7ms)
Refreshing native plugins compatible for Editor in 0.00 ms, found 0 plugins.
Preloading 0 native plugins for Editor in 0.00 ms.
Unloading 0 Unused Serialized files (Serialized files now loaded: 0)
Unloading 416 unused Assets / (44.8 KB). Loaded Objects now: 931.
Memory consumption went from 56.7 MB to 56.7 MB.
Total: 4.396600 ms (FindLiveObjects: 0.067300 ms CreateObjectMapping: 0.022000 ms MarkObjects: 4.174100 ms  DeleteObjects: 0.131800 ms)

Prepare: number of updated asset objects reloaded= 0
========================================================================
Received Prepare
Begin MonoManager ReloadAssembly
- Loaded All Assemblies, in  0.282 seconds
Refreshing native plugins compatible for Editor in 0.00 ms, found 0 plugins.
Native extension for Android target not found
Native extension for WindowsStandalone target not found
Mono: successfully reloaded assembly
- Finished resetting the current domain, in  0.466 seconds
Domain Reload Profiling: 745ms
	BeginReloadAssembly (164ms)
		ExecutionOrderSort (0ms)
		DisableScriptedObjects (7ms)
		BackupInstance (0ms)
		ReleaseScriptingObjects (0ms)
		CreateAndSetChildDomain (24ms)
	RebuildCommonClasses (51ms)
	RebuildNativeTypeToScriptingClass (17ms)
	initialDomainReloadingComplete (26ms)
	LoadAllAssembliesAndSetupDomain (20ms)
		LoadAssemblies (110ms)
		RebuildTransferFunctionScriptingTraits (0ms)
		AnalyzeDomain (14ms)
			TypeCache.Refresh (3ms)
				TypeCache.ScanAssembly (0ms)
			BuildScriptInfoCaches (7ms)
			ResolveRequiredComponents (2ms)
	FinalizeReload (467ms)
		ReleaseScriptCaches (0ms)
		RebuildScriptCaches (0ms)
		SetupLoadedEditorAssemblies (284ms)
			LogAssemblyErrors (0ms)
			InitializePlatformSupportModulesInManaged (15ms)
			SetLoadedEditorAssemblies (4ms)
			BeforeProcessingInitializeOnLoad (65ms)
			ProcessInitializeOnLoadAttributes (153ms)
			ProcessInitializeOnLoadMethodAttributes (40ms)
			AfterProcessingInitializeOnLoad (7ms)
			EditorAssembliesLoaded (0ms)
		ExecutionOrderSort2 (0ms)
		AwakeInstancesAfterBackupRestoration (9ms)
Refreshing native plugins compatible for Editor in 0.00 ms, found 0 plugins.
Preloading 0 native plugins for Editor in 0.00 ms.
Unloading 0 Unused Serialized files (Serialized files now loaded: 0)
Unloading 416 unused Assets / (26.5 KB). Loaded Objects now: 931.
Memory consumption went from 56.7 MB to 56.7 MB.
Total: 6.538600 ms (FindLiveObjects: 0.145200 ms CreateObjectMapping: 0.061300 ms MarkObjects: 6.158000 ms  DeleteObjects: 0.171600 ms)

Prepare: number of updated asset objects reloaded= 0
========================================================================
Received Prepare
Refreshing native plugins compatible for Editor in 0.00 ms, found 0 plugins.
Preloading 0 native plugins for Editor in 0.00 ms.
Unloading 0 Unused Serialized files (Serialized files now loaded: 0)
Unloading 416 unused Assets / (28.5 KB). Loaded Objects now: 931.
Memory consumption went from 56.9 MB to 56.9 MB.
Total: 5.022000 ms (FindLiveObjects: 0.085900 ms CreateObjectMapping: 0.026500 ms MarkObjects: 4.788900 ms  DeleteObjects: 0.119200 ms)

Prepare: number of updated asset objects reloaded= 0
========================================================================
Received Prepare
Begin MonoManager ReloadAssembly
- Loaded All Assemblies, in  0.333 seconds
Refreshing native plugins compatible for Editor in 0.00 ms, found 0 plugins.
Native extension for Android target not found
Native extension for WindowsStandalone target not found
Mono: successfully reloaded assembly
- Finished resetting the current domain, in  0.600 seconds
Domain Reload Profiling: 929ms
	BeginReloadAssembly (212ms)
		ExecutionOrderSort (0ms)
		DisableScriptedObjects (8ms)
		BackupInstance (0ms)
		ReleaseScriptingObjects (0ms)
		CreateAndSetChildDomain (27ms)
	RebuildCommonClasses (44ms)
	RebuildNativeTypeToScriptingClass (16ms)
	initialDomainReloadingComplete (27ms)
	LoadAllAssembliesAndSetupDomain (29ms)
		LoadAssemblies (146ms)
		RebuildTransferFunctionScriptingTraits (0ms)
		AnalyzeDomain (20ms)
			TypeCache.Refresh (6ms)
				TypeCache.ScanAssembly (0ms)
			BuildScriptInfoCaches (9ms)
			ResolveRequiredComponents (3ms)
	FinalizeReload (601ms)
		ReleaseScriptCaches (0ms)
		RebuildScriptCaches (0ms)
		SetupLoadedEditorAssemblies (392ms)
			LogAssemblyErrors (0ms)
			InitializePlatformSupportModulesInManaged (23ms)
			SetLoadedEditorAssemblies (6ms)
			BeforeProcessingInitializeOnLoad (111ms)
			ProcessInitializeOnLoadAttributes (194ms)
			ProcessInitializeOnLoadMethodAttributes (44ms)
			AfterProcessingInitializeOnLoad (13ms)
			EditorAssembliesLoaded (0ms)
		ExecutionOrderSort2 (0ms)
		AwakeInstancesAfterBackupRestoration (10ms)
Refreshing native plugins compatible for Editor in 0.00 ms, found 0 plugins.
Preloading 0 native plugins for Editor in 0.00 ms.
Unloading 0 Unused Serialized files (Serialized files now loaded: 0)
Unloading 416 unused Assets / (23.6 KB). Loaded Objects now: 931.
Memory consumption went from 56.7 MB to 56.7 MB.
Total: 5.075000 ms (FindLiveObjects: 0.083900 ms CreateObjectMapping: 0.024000 ms MarkObjects: 4.821300 ms  DeleteObjects: 0.144400 ms)

Prepare: number of updated asset objects reloaded= 0
========================================================================
Received Prepare
Begin MonoManager ReloadAssembly
- Loaded All Assemblies, in  0.220 seconds
Refreshing native plugins compatible for Editor in 0.00 ms, found 0 plugins.
Native extension for Android target not found
Native extension for WindowsStandalone target not found
Mono: successfully reloaded assembly
- Finished resetting the current domain, in  0.307 seconds
Domain Reload Profiling: 526ms
	BeginReloadAssembly (136ms)
		ExecutionOrderSort (0ms)
		DisableScriptedObjects (4ms)
		BackupInstance (0ms)
		ReleaseScriptingObjects (0ms)
		CreateAndSetChildDomain (20ms)
	RebuildCommonClasses (35ms)
	RebuildNativeTypeToScriptingClass (10ms)
	initialDomainReloadingComplete (21ms)
	LoadAllAssembliesAndSetupDomain (17ms)
		LoadAssemblies (89ms)
		RebuildTransferFunctionScriptingTraits (0ms)
		AnalyzeDomain (12ms)
			TypeCache.Refresh (3ms)
				TypeCache.ScanAssembly (0ms)
			BuildScriptInfoCaches (6ms)
			ResolveRequiredComponents (1ms)
	FinalizeReload (308ms)
		ReleaseScriptCaches (0ms)
		RebuildScriptCaches (0ms)
		SetupLoadedEditorAssemblies (198ms)
			LogAssemblyErrors (0ms)
			InitializePlatformSupportModulesInManaged (12ms)
			SetLoadedEditorAssemblies (3ms)
			BeforeProcessingInitializeOnLoad (50ms)
			ProcessInitializeOnLoadAttributes (102ms)
			ProcessInitializeOnLoadMethodAttributes (26ms)
			AfterProcessingInitializeOnLoad (4ms)
			EditorAssembliesLoaded (0ms)
		ExecutionOrderSort2 (0ms)
		AwakeInstancesAfterBackupRestoration (5ms)
Refreshing native plugins compatible for Editor in 0.00 ms, found 0 plugins.
Preloading 0 native plugins for Editor in 0.00 ms.
Unloading 0 Unused Serialized files (Serialized files now loaded: 0)
Unloading 416 unused Assets / (26.6 KB). Loaded Objects now: 931.
Memory consumption went from 56.8 MB to 56.7 MB.
Total: 5.226800 ms (FindLiveObjects: 0.111900 ms CreateObjectMapping: 0.025800 ms MarkObjects: 4.944000 ms  DeleteObjects: 0.143200 ms)

Prepare: number of updated asset objects reloaded= 0
========================================================================
Received Prepare
Begin MonoManager ReloadAssembly
- Loaded All Assemblies, in  0.243 seconds
Refreshing native plugins compatible for Editor in 0.00 ms, found 0 plugins.
Native extension for Android target not found
Native extension for WindowsStandalone target not found
Mono: successfully reloaded assembly
- Finished resetting the current domain, in  0.398 seconds
Domain Reload Profiling: 639ms
	BeginReloadAssembly (150ms)
		ExecutionOrderSort (0ms)
		DisableScriptedObjects (5ms)
		BackupInstance (0ms)
		ReleaseScriptingObjects (0ms)
		CreateAndSetChildDomain (23ms)
	RebuildCommonClasses (32ms)
	RebuildNativeTypeToScriptingClass (9ms)
	initialDomainReloadingComplete (21ms)
	LoadAllAssembliesAndSetupDomain (28ms)
		LoadAssemblies (100ms)
		RebuildTransferFunctionScriptingTraits (0ms)
		AnalyzeDomain (20ms)
			TypeCache.Refresh (6ms)
				TypeCache.ScanAssembly (0ms)
			BuildScriptInfoCaches (9ms)
			ResolveRequiredComponents (3ms)
	FinalizeReload (399ms)
		ReleaseScriptCaches (0ms)
		RebuildScriptCaches (0ms)
		SetupLoadedEditorAssemblies (253ms)
			LogAssemblyErrors (0ms)
			InitializePlatformSupportModulesInManaged (12ms)
			SetLoadedEditorAssemblies (4ms)
			BeforeProcessingInitializeOnLoad (65ms)
			ProcessInitializeOnLoadAttributes (135ms)
			ProcessInitializeOnLoadMethodAttributes (32ms)
			AfterProcessingInitializeOnLoad (6ms)
			EditorAssembliesLoaded (0ms)
		ExecutionOrderSort2 (0ms)
		AwakeInstancesAfterBackupRestoration (8ms)
Refreshing native plugins compatible for Editor in 0.00 ms, found 0 plugins.
Preloading 0 native plugins for Editor in 0.00 ms.
Unloading 0 Unused Serialized files (Serialized files now loaded: 0)
Unloading 416 unused Assets / (30.5 KB). Loaded Objects now: 931.
Memory consumption went from 56.8 MB to 56.7 MB.
Total: 3.941300 ms (FindLiveObjects: 0.078400 ms CreateObjectMapping: 0.020800 ms MarkObjects: 3.728200 ms  DeleteObjects: 0.112500 ms)

Prepare: number of updated asset objects reloaded= 0
========================================================================
Received Import Request.
  Time since last request: 622948.336253 seconds.
  path: Assets/Cards/Green_Card.prefab
  artifactKey: Guid(fa231102d27c29a4fada024596815ef3) Importer(815301076,1909f56bfc062723c751e8b465ee728b)
Start importing Assets/Cards/Green_Card.prefab using Guid(fa231102d27c29a4fada024596815ef3) Importer(815301076,1909f56bfc062723c751e8b465ee728b) (PreviewImporter) -> (artifact id: '92b4015a530ddb1892b1119c45bd6e65') in 0.0393828 seconds
Number of updated asset objects reloaded before import = 0Number of asset objects unloaded after import = 11

========================================================================
Received Import Request.
  Time since last request: 3.546119 seconds.
  path: Assets/Cards/Green_Card.prefab
  artifactKey: Guid(fa231102d27c29a4fada024596815ef3) Importer(815301076,1909f56bfc062723c751e8b465ee728b)
Start importing Assets/Cards/Green_Card.prefab using Guid(fa231102d27c29a4fada024596815ef3) Importer(815301076,1909f56bfc062723c751e8b465ee728b) (PreviewImporter) -> (artifact id: '364e1751ef7c45710f42b93edce38f7f') in 0.0016805 seconds
Number of updated asset objects reloaded before import = 0Number of asset objects unloaded after import = 11

========================================================================
Received Import Request.
  Time since last request: 3.871210 seconds.
  path: Assets/Cards/Green_Card.prefab
  artifactKey: Guid(fa231102d27c29a4fada024596815ef3) Importer(815301076,1909f56bfc062723c751e8b465ee728b)
Start importing Assets/Cards/Green_Card.prefab using Guid(fa231102d27c29a4fada024596815ef3) Importer(815301076,1909f56bfc062723c751e8b465ee728b) (PreviewImporter) -> (artifact id: '05edb26f324dfe68973e3540482533ba') in 0.022048 seconds
Number of updated asset objects reloaded before import = 0Number of asset objects unloaded after import = 21

========================================================================
Received Import Request.
  Time since last request: 5.600492 seconds.
  path: Assets/Cards/Green_Card.prefab
  artifactKey: Guid(fa231102d27c29a4fada024596815ef3) Importer(815301076,1909f56bfc062723c751e8b465ee728b)
Start importing Assets/Cards/Green_Card.prefab using Guid(fa231102d27c29a4fada024596815ef3) Importer(815301076,1909f56bfc062723c751e8b465ee728b) (PreviewImporter) -> (artifact id: 'a66b0f8fc7b32106f992d2c85266cff1') in 0.0136336 seconds
Number of updated asset objects reloaded before import = 0Number of asset objects unloaded after import = 21

========================================================================
Received Import Request.
  Time since last request: 15.744105 seconds.
  path: Assets/Cards/Green_Card.prefab
  artifactKey: Guid(fa231102d27c29a4fada024596815ef3) Importer(815301076,1909f56bfc062723c751e8b465ee728b)
Start importing Assets/Cards/Green_Card.prefab using Guid(fa231102d27c29a4fada024596815ef3) Importer(815301076,1909f56bfc062723c751e8b465ee728b) (PreviewImporter) -> (artifact id: 'ab7e3e81b36209633acfd899233ff849') in 0.0122365 seconds
Number of updated asset objects reloaded before import = 0Number of asset objects unloaded after import = 21

========================================================================
Received Import Request.
  Time since last request: 3.034689 seconds.
  path: Assets/Cards/Green_Card.prefab
  artifactKey: Guid(fa231102d27c29a4fada024596815ef3) Importer(815301076,1909f56bfc062723c751e8b465ee728b)
Start importing Assets/Cards/Green_Card.prefab using Guid(fa231102d27c29a4fada024596815ef3) Importer(815301076,1909f56bfc062723c751e8b465ee728b) (PreviewImporter) -> (artifact id: '7cc0448a93b5c8b3b04651de72662cfe') in 0.0123326 seconds
Number of updated asset objects reloaded before import = 0Number of asset objects unloaded after import = 21

========================================================================
Received Import Request.
  Time since last request: 4.013161 seconds.
  path: Assets/Cards/Green_Card.prefab
  artifactKey: Guid(fa231102d27c29a4fada024596815ef3) Importer(815301076,1909f56bfc062723c751e8b465ee728b)
Start importing Assets/Cards/Green_Card.prefab using Guid(fa231102d27c29a4fada024596815ef3) Importer(815301076,1909f56bfc062723c751e8b465ee728b) (PreviewImporter) -> (artifact id: '283c9e998c8ff27d6d5b5dbc1160e348') in 0.0124521 seconds
Number of updated asset objects reloaded before import = 0Number of asset objects unloaded after import = 21

========================================================================
Received Import Request.
  Time since last request: 7.058978 seconds.
  path: Assets/Cards/Green_Card.prefab
  artifactKey: Guid(fa231102d27c29a4fada024596815ef3) Importer(815301076,1909f56bfc062723c751e8b465ee728b)
Start importing Assets/Cards/Green_Card.prefab using Guid(fa231102d27c29a4fada024596815ef3) Importer(815301076,1909f56bfc062723c751e8b465ee728b) (PreviewImporter) -> (artifact id: '476e65a859c95f7c9543ab41389bb293') in 0.0137824 seconds
Number of updated asset objects reloaded before import = 0Number of asset objects unloaded after import = 21

========================================================================
Received Import Request.
  Time since last request: 4.016294 seconds.
  path: Assets/Cards/Green_Card.prefab
  artifactKey: Guid(fa231102d27c29a4fada024596815ef3) Importer(815301076,1909f56bfc062723c751e8b465ee728b)
Start importing Assets/Cards/Green_Card.prefab using Guid(fa231102d27c29a4fada024596815ef3) Importer(815301076,1909f56bfc062723c751e8b465ee728b) (PreviewImporter) -> (artifact id: 'f25ccdcdb0074c586df06f3cabfa45e1') in 0.0148221 seconds
Number of updated asset objects reloaded before import = 0Number of asset objects unloaded after import = 21

========================================================================
Received Import Request.
  Time since last request: 16.009322 seconds.
  path: Assets/Cards/Green_Card.prefab
  artifactKey: Guid(fa231102d27c29a4fada024596815ef3) Importer(815301076,1909f56bfc062723c751e8b465ee728b)
Start importing Assets/Cards/Green_Card.prefab using Guid(fa231102d27c29a4fada024596815ef3) Importer(815301076,1909f56bfc062723c751e8b465ee728b) (PreviewImporter) -> (artifact id: 'fb2b582a8c2fd1ec284dda841144d65b') in 0.0134471 seconds
Number of updated asset objects reloaded before import = 0Number of asset objects unloaded after import = 21

========================================================================
Received Import Request.
  Time since last request: 6.842074 seconds.
  path: Assets/Cards/Green_Card.prefab
  artifactKey: Guid(fa231102d27c29a4fada024596815ef3) Importer(815301076,1909f56bfc062723c751e8b465ee728b)
Start importing Assets/Cards/Green_Card.prefab using Guid(fa231102d27c29a4fada024596815ef3) Importer(815301076,1909f56bfc062723c751e8b465ee728b) (PreviewImporter) -> (artifact id: '18e9a432cf0112ca740951ff7fcaceb9') in 0.0142644 seconds
Number of updated asset objects reloaded before import = 0Number of asset objects unloaded after import = 21

========================================================================
Received Import Request.
  Time since last request: 11.516710 seconds.
  path: Assets/Cards/Yellow_Card.prefab
  artifactKey: Guid(eea075d0a6b00d74b81084176d87db3e) Importer(815301076,1909f56bfc062723c751e8b465ee728b)
Start importing Assets/Cards/Yellow_Card.prefab using Guid(eea075d0a6b00d74b81084176d87db3e) Importer(815301076,1909f56bfc062723c751e8b465ee728b) (PreviewImporter) -> (artifact id: '26f580e5e6dd83946023b63d9603bcd4') in 0.001903 seconds
Number of updated asset objects reloaded before import = 0Number of asset objects unloaded after import = 11

========================================================================
Received Import Request.
  Time since last request: 28.841496 seconds.
  path: Assets/Cards/Yellow_Card.prefab
  artifactKey: Guid(eea075d0a6b00d74b81084176d87db3e) Importer(815301076,1909f56bfc062723c751e8b465ee728b)
Start importing Assets/Cards/Yellow_Card.prefab using Guid(eea075d0a6b00d74b81084176d87db3e) Importer(815301076,1909f56bfc062723c751e8b465ee728b) (PreviewImporter) -> (artifact id: 'd61d2c28e17886177d4ea625fb5a5a54') in 0.001833 seconds
Number of updated asset objects reloaded before import = 0Number of asset objects unloaded after import = 11

========================================================================
Received Import Request.
  Time since last request: 3.076351 seconds.
  path: Assets/Cards/Yellow_Card.prefab
  artifactKey: Guid(eea075d0a6b00d74b81084176d87db3e) Importer(815301076,1909f56bfc062723c751e8b465ee728b)
Start importing Assets/Cards/Yellow_Card.prefab using Guid(eea075d0a6b00d74b81084176d87db3e) Importer(815301076,1909f56bfc062723c751e8b465ee728b) (PreviewImporter) -> (artifact id: 'fe9cfda065dba61d6d12813220e4b541') in 0.0016795 seconds
Number of updated asset objects reloaded before import = 0Number of asset objects unloaded after import = 13

========================================================================
Received Import Request.
  Time since last request: 6.461606 seconds.
  path: Assets/Cards/Yellow_Card.prefab
  artifactKey: Guid(eea075d0a6b00d74b81084176d87db3e) Importer(815301076,1909f56bfc062723c751e8b465ee728b)
Start importing Assets/Cards/Yellow_Card.prefab using Guid(eea075d0a6b00d74b81084176d87db3e) Importer(815301076,1909f56bfc062723c751e8b465ee728b) (PreviewImporter) -> (artifact id: '068bc1368582ccca237d2e7d3fa55694') in 0.0034202 seconds
Number of updated asset objects reloaded before import = 0Number of asset objects unloaded after import = 14

========================================================================
Received Import Request.
  Time since last request: 16.981236 seconds.
  path: Assets/Cards/Yellow_Card.prefab
  artifactKey: Guid(eea075d0a6b00d74b81084176d87db3e) Importer(815301076,1909f56bfc062723c751e8b465ee728b)
Start importing Assets/Cards/Yellow_Card.prefab using Guid(eea075d0a6b00d74b81084176d87db3e) Importer(815301076,1909f56bfc062723c751e8b465ee728b) (PreviewImporter) -> (artifact id: '2de2ffa9eeb9b0750c2b3e52cb677dde') in 0.0124817 seconds
Number of updated asset objects reloaded before import = 0Number of asset objects unloaded after import = 21

========================================================================
Received Import Request.
  Time since last request: 5.035967 seconds.
  path: Assets/Cards/Yellow_Card.prefab
  artifactKey: Guid(eea075d0a6b00d74b81084176d87db3e) Importer(815301076,1909f56bfc062723c751e8b465ee728b)
Start importing Assets/Cards/Yellow_Card.prefab using Guid(eea075d0a6b00d74b81084176d87db3e) Importer(815301076,1909f56bfc062723c751e8b465ee728b) (PreviewImporter) -> (artifact id: 'bc03b7f5b7f57ae615e9c9bfa84f45c7') in 0.012265 seconds
Number of updated asset objects reloaded before import = 0Number of asset objects unloaded after import = 21

========================================================================
Received Import Request.
  Time since last request: 5.030059 seconds.
  path: Assets/Cards/Yellow_Card.prefab
  artifactKey: Guid(eea075d0a6b00d74b81084176d87db3e) Importer(815301076,1909f56bfc062723c751e8b465ee728b)
Start importing Assets/Cards/Yellow_Card.prefab using Guid(eea075d0a6b00d74b81084176d87db3e) Importer(815301076,1909f56bfc062723c751e8b465ee728b) (PreviewImporter) -> (artifact id: 'd589d9ea4af1eb286b8a4204036fb809') in 0.0121042 seconds
Number of updated asset objects reloaded before import = 0Number of asset objects unloaded after import = 21

========================================================================
Received Import Request.
  Time since last request: 2.421143 seconds.
  path: Assets/Cards/Yellow_Card.prefab
  artifactKey: Guid(eea075d0a6b00d74b81084176d87db3e) Importer(815301076,1909f56bfc062723c751e8b465ee728b)
Start importing Assets/Cards/Yellow_Card.prefab using Guid(eea075d0a6b00d74b81084176d87db3e) Importer(815301076,1909f56bfc062723c751e8b465ee728b) (PreviewImporter) -> (artifact id: 'd325235935a5ba082d1070f409f94967') in 0.0124218 seconds
Number of updated asset objects reloaded before import = 0Number of asset objects unloaded after import = 21

========================================================================
Received Import Request.
  Time since last request: 3.412002 seconds.
  path: Assets/Cards/Yellow_Card.prefab
  artifactKey: Guid(eea075d0a6b00d74b81084176d87db3e) Importer(815301076,1909f56bfc062723c751e8b465ee728b)
Start importing Assets/Cards/Yellow_Card.prefab using Guid(eea075d0a6b00d74b81084176d87db3e) Importer(815301076,1909f56bfc062723c751e8b465ee728b) (PreviewImporter) -> (artifact id: '61c1d8abc150c702ba48b05b79f79ade') in 0.0121324 seconds
Number of updated asset objects reloaded before import = 0Number of asset objects unloaded after import = 21

========================================================================
Received Import Request.
  Time since last request: 0.994478 seconds.
  path: Assets/Cards/Yellow_Card.prefab
  artifactKey: Guid(eea075d0a6b00d74b81084176d87db3e) Importer(815301076,1909f56bfc062723c751e8b465ee728b)
Start importing Assets/Cards/Yellow_Card.prefab using Guid(eea075d0a6b00d74b81084176d87db3e) Importer(815301076,1909f56bfc062723c751e8b465ee728b) (PreviewImporter) -> (artifact id: 'd3828081d036e01c9d18e9f7f95f3f4f') in 0.0123314 seconds
Number of updated asset objects reloaded before import = 0Number of asset objects unloaded after import = 21

========================================================================
Received Import Request.
  Time since last request: 6.639036 seconds.
  path: Assets/Cards/Yellow_Card.prefab
  artifactKey: Guid(eea075d0a6b00d74b81084176d87db3e) Importer(815301076,1909f56bfc062723c751e8b465ee728b)
Start importing Assets/Cards/Yellow_Card.prefab using Guid(eea075d0a6b00d74b81084176d87db3e) Importer(815301076,1909f56bfc062723c751e8b465ee728b) (PreviewImporter) -> (artifact id: '8526543dd48df066db0459c488033303') in 0.0124851 seconds
Number of updated asset objects reloaded before import = 0Number of asset objects unloaded after import = 21

========================================================================
Received Import Request.
  Time since last request: 3.615146 seconds.
  path: Assets/Cards/Yellow_Card.prefab
  artifactKey: Guid(eea075d0a6b00d74b81084176d87db3e) Importer(815301076,1909f56bfc062723c751e8b465ee728b)
Start importing Assets/Cards/Yellow_Card.prefab using Guid(eea075d0a6b00d74b81084176d87db3e) Importer(815301076,1909f56bfc062723c751e8b465ee728b) (PreviewImporter) -> (artifact id: '30611bc51b567612f9e2501debc66199') in 0.0122995 seconds
Number of updated asset objects reloaded before import = 0Number of asset objects unloaded after import = 21

========================================================================
Received Import Request.
  Time since last request: 4.028399 seconds.
  path: Assets/Cards/Yellow_Card.prefab
  artifactKey: Guid(eea075d0a6b00d74b81084176d87db3e) Importer(815301076,1909f56bfc062723c751e8b465ee728b)
Start importing Assets/Cards/Yellow_Card.prefab using Guid(eea075d0a6b00d74b81084176d87db3e) Importer(815301076,1909f56bfc062723c751e8b465ee728b) (PreviewImporter) -> (artifact id: '4b062e45b0cad0ec730c59d7ebe4f7ff') in 0.0133749 seconds
Number of updated asset objects reloaded before import = 0Number of asset objects unloaded after import = 21

========================================================================
Received Import Request.
  Time since last request: 1.598880 seconds.
  path: Assets/Cards/Yellow_Card.prefab
  artifactKey: Guid(eea075d0a6b00d74b81084176d87db3e) Importer(815301076,1909f56bfc062723c751e8b465ee728b)
Start importing Assets/Cards/Yellow_Card.prefab using Guid(eea075d0a6b00d74b81084176d87db3e) Importer(815301076,1909f56bfc062723c751e8b465ee728b) (PreviewImporter) -> (artifact id: '943ef77d9346899abc24e6e220ab0862') in 0.012514 seconds
Number of updated asset objects reloaded before import = 0Number of asset objects unloaded after import = 21

========================================================================
Received Import Request.
  Time since last request: 1.600182 seconds.
  path: Assets/Cards/Yellow_Card.prefab
  artifactKey: Guid(eea075d0a6b00d74b81084176d87db3e) Importer(815301076,1909f56bfc062723c751e8b465ee728b)
Start importing Assets/Cards/Yellow_Card.prefab using Guid(eea075d0a6b00d74b81084176d87db3e) Importer(815301076,1909f56bfc062723c751e8b465ee728b) (PreviewImporter) -> (artifact id: '7d16a44315e07581fd4b23d74ce708fa') in 0.0123967 seconds
Number of updated asset objects reloaded before import = 0Number of asset objects unloaded after import = 21

========================================================================
Received Import Request.
  Time since last request: 3.819937 seconds.
  path: Assets/Cards/Yellow_Card.prefab
  artifactKey: Guid(eea075d0a6b00d74b81084176d87db3e) Importer(815301076,1909f56bfc062723c751e8b465ee728b)
Start importing Assets/Cards/Yellow_Card.prefab using Guid(eea075d0a6b00d74b81084176d87db3e) Importer(815301076,1909f56bfc062723c751e8b465ee728b) (PreviewImporter) -> (artifact id: '7b6aacccd9972b81419d65331931df51') in 0.0120102 seconds
Number of updated asset objects reloaded before import = 0Number of asset objects unloaded after import = 21

========================================================================
Received Import Request.
  Time since last request: 3.224803 seconds.
  path: Assets/Cards/Yellow_Card.prefab
  artifactKey: Guid(eea075d0a6b00d74b81084176d87db3e) Importer(815301076,1909f56bfc062723c751e8b465ee728b)
Start importing Assets/Cards/Yellow_Card.prefab using Guid(eea075d0a6b00d74b81084176d87db3e) Importer(815301076,1909f56bfc062723c751e8b465ee728b) (PreviewImporter) -> (artifact id: 'fe31122c5657c418a88e2a37c7fb6745') in 0.0120041 seconds
Number of updated asset objects reloaded before import = 0Number of asset objects unloaded after import = 21

========================================================================
Received Import Request.
  Time since last request: 3.215928 seconds.
  path: Assets/Cards/Yellow_Card.prefab
  artifactKey: Guid(eea075d0a6b00d74b81084176d87db3e) Importer(815301076,1909f56bfc062723c751e8b465ee728b)
Start importing Assets/Cards/Yellow_Card.prefab using Guid(eea075d0a6b00d74b81084176d87db3e) Importer(815301076,1909f56bfc062723c751e8b465ee728b) (PreviewImporter) -> (artifact id: '3cd08e7d779156e8f5f1329627f82e62') in 0.012244 seconds
Number of updated asset objects reloaded before import = 0Number of asset objects unloaded after import = 21

========================================================================
Received Import Request.
  Time since last request: 9.489610 seconds.
  path: Assets/Cards/Yellow_Card.prefab
  artifactKey: Guid(eea075d0a6b00d74b81084176d87db3e) Importer(815301076,1909f56bfc062723c751e8b465ee728b)
Start importing Assets/Cards/Yellow_Card.prefab using Guid(eea075d0a6b00d74b81084176d87db3e) Importer(815301076,1909f56bfc062723c751e8b465ee728b) (PreviewImporter) -> (artifact id: 'b76ffc46db86ba955241f237788f5193') in 0.0124438 seconds
Number of updated asset objects reloaded before import = 0Number of asset objects unloaded after import = 21

========================================================================
Received Prepare
Begin MonoManager ReloadAssembly
- Loaded All Assemblies, in  0.216 seconds
Refreshing native plugins compatible for Editor in 0.00 ms, found 0 plugins.
Native extension for Android target not found
Native extension for WindowsStandalone target not found
Mono: successfully reloaded assembly
- Finished resetting the current domain, in  0.299 seconds
Domain Reload Profiling: 513ms
	BeginReloadAssembly (140ms)
		ExecutionOrderSort (0ms)
		DisableScriptedObjects (4ms)
		BackupInstance (0ms)
		ReleaseScriptingObjects (0ms)
		CreateAndSetChildDomain (23ms)
	RebuildCommonClasses (29ms)
	RebuildNativeTypeToScriptingClass (9ms)
	initialDomainReloadingComplete (17ms)
	LoadAllAssembliesAndSetupDomain (19ms)
		LoadAssemblies (90ms)
		RebuildTransferFunctionScriptingTraits (0ms)
		AnalyzeDomain (14ms)
			TypeCache.Refresh (4ms)
				TypeCache.ScanAssembly (0ms)
			BuildScriptInfoCaches (7ms)
			ResolveRequiredComponents (2ms)
	FinalizeReload (299ms)
		ReleaseScriptCaches (0ms)
		RebuildScriptCaches (0ms)
		SetupLoadedEditorAssemblies (194ms)
			LogAssemblyErrors (0ms)
			InitializePlatformSupportModulesInManaged (11ms)
			SetLoadedEditorAssemblies (3ms)
			BeforeProcessingInitializeOnLoad (48ms)
			ProcessInitializeOnLoadAttributes (102ms)
			ProcessInitializeOnLoadMethodAttributes (25ms)
			AfterProcessingInitializeOnLoad (4ms)
			EditorAssembliesLoaded (0ms)
		ExecutionOrderSort2 (0ms)
		AwakeInstancesAfterBackupRestoration (5ms)
Refreshing native plugins compatible for Editor in 0.00 ms, found 0 plugins.
Preloading 0 native plugins for Editor in 0.00 ms.
Unloading 0 Unused Serialized files (Serialized files now loaded: 0)
Unloading 416 unused Assets / (29.5 KB). Loaded Objects now: 934.
Memory consumption went from 57.3 MB to 57.3 MB.
Total: 5.617800 ms (FindLiveObjects: 0.110100 ms CreateObjectMapping: 0.036300 ms MarkObjects: 5.338000 ms  DeleteObjects: 0.131500 ms)

Prepare: number of updated asset objects reloaded= 0
========================================================================
Received Import Request.
  Time since last request: 156.518830 seconds.
  path: Assets/Images/DeckCard.png
  artifactKey: Guid(96e66d64aca50bb439c6e97d30b9c271) Importer(815301076,1909f56bfc062723c751e8b465ee728b)
Start importing Assets/Images/DeckCard.png using Guid(96e66d64aca50bb439c6e97d30b9c271) Importer(815301076,1909f56bfc062723c751e8b465ee728b) (PreviewImporter) -> (artifact id: 'e9a60d718545a24fe5a5089264d1c6e7') in 0.1858076 seconds
Number of updated asset objects reloaded before import = 0Number of asset objects unloaded after import = 3

========================================================================
Received Import Request.
  Time since last request: 0.000043 seconds.
  path: Assets/Images/RevBlue.png
  artifactKey: Guid(3e288aee95f9a36418567faa94c85a9f) Importer(815301076,1909f56bfc062723c751e8b465ee728b)
Start importing Assets/Images/RevBlue.png using Guid(3e288aee95f9a36418567faa94c85a9f) Importer(815301076,1909f56bfc062723c751e8b465ee728b) (PreviewImporter) -> (artifact id: 'aa18bd8132d78e784b667b09efd40679') in 0.0273856 seconds
Number of updated asset objects reloaded before import = 0Number of asset objects unloaded after import = 3

========================================================================
Received Import Request.
  Time since last request: 0.000038 seconds.
  path: Assets/Images/Uno_Card_Green.png
  artifactKey: Guid(5388941c3cc20f742b19005a83b3fc64) Importer(815301076,1909f56bfc062723c751e8b465ee728b)
Start importing Assets/Images/Uno_Card_Green.png using Guid(5388941c3cc20f742b19005a83b3fc64) Importer(815301076,1909f56bfc062723c751e8b465ee728b) (PreviewImporter) -> (artifact id: '9c8458f8e1589259e2ebb968f6979167') in 0.025235 seconds
Number of updated asset objects reloaded before import = 0Number of asset objects unloaded after import = 3

========================================================================
Received Import Request.
  Time since last request: 0.000098 seconds.
  path: Assets/Images/ZCard.png
  artifactKey: Guid(505738fcc6a87ce47aa2760db4b33545) Importer(815301076,1909f56bfc062723c751e8b465ee728b)
Start importing Assets/Images/ZCard.png using Guid(505738fcc6a87ce47aa2760db4b33545) Importer(815301076,1909f56bfc062723c751e8b465ee728b) (PreviewImporter) -> (artifact id: '5e47564ee2b4f6ee7d4ecf799b04684c') in 0.0263008 seconds
Number of updated asset objects reloaded before import = 0Number of asset objects unloaded after import = 3

========================================================================
Received Import Request.
  Time since last request: 0.000359 seconds.
  path: Assets/Images/Uno_Card_Yellow.png
  artifactKey: Guid(4fd2a8142751fa049ba6682258ba89bc) Importer(815301076,1909f56bfc062723c751e8b465ee728b)
Start importing Assets/Images/Uno_Card_Yellow.png using Guid(4fd2a8142751fa049ba6682258ba89bc) Importer(815301076,1909f56bfc062723c751e8b465ee728b) (PreviewImporter) -> (artifact id: '36f4f5f30af1f1c88c522b9329b66569') in 0.0305409 seconds
Number of updated asset objects reloaded before import = 0Number of asset objects unloaded after import = 3

========================================================================
Received Import Request.
  Time since last request: 0.000143 seconds.
  path: Assets/Images/YCard.png
  artifactKey: Guid(d383dde4ab900234da5783b3a2924a17) Importer(815301076,1909f56bfc062723c751e8b465ee728b)
Start importing Assets/Images/YCard.png using Guid(d383dde4ab900234da5783b3a2924a17) Importer(815301076,1909f56bfc062723c751e8b465ee728b) (PreviewImporter) -> (artifact id: 'dc80f4788dea191a3b56a4825c15b98e') in 0.0278582 seconds
Number of updated asset objects reloaded before import = 0Number of asset objects unloaded after import = 3

========================================================================
Received Import Request.
  Time since last request: 0.000284 seconds.
  path: Assets/Images/Uno_Card_Red.png
  artifactKey: Guid(bdc86feaa9bcd5441ac841d7c443b829) Importer(815301076,1909f56bfc062723c751e8b465ee728b)
Start importing Assets/Images/Uno_Card_Red.png using Guid(bdc86feaa9bcd5441ac841d7c443b829) Importer(815301076,1909f56bfc062723c751e8b465ee728b) (PreviewImporter) -> (artifact id: '17de64a07eb0c61dbda3e7390e653980') in 0.0289334 seconds
Number of updated asset objects reloaded before import = 0Number of asset objects unloaded after import = 3

========================================================================
Received Import Request.
  Time since last request: 0.000255 seconds.
  path: Assets/Images/SkipYellow.png
  artifactKey: Guid(f40da24495374f24f8b9293a6bc849dd) Importer(815301076,1909f56bfc062723c751e8b465ee728b)
Start importing Assets/Images/SkipYellow.png using Guid(f40da24495374f24f8b9293a6bc849dd) Importer(815301076,1909f56bfc062723c751e8b465ee728b) (PreviewImporter) -> (artifact id: 'f99a531252ee90ac9e7c5efc2aca5cda') in 0.0285734 seconds
Number of updated asset objects reloaded before import = 0Number of asset objects unloaded after import = 3

========================================================================
Received Import Request.
  Time since last request: 0.000095 seconds.
  path: Assets/Images/SkipRed.png
  artifactKey: Guid(697f1172d01022643b96686b1ba5a9eb) Importer(815301076,1909f56bfc062723c751e8b465ee728b)
Start importing Assets/Images/SkipRed.png using Guid(697f1172d01022643b96686b1ba5a9eb) Importer(815301076,1909f56bfc062723c751e8b465ee728b) (PreviewImporter) -> (artifact id: '45f81ddd0f7ea5520d5e32bb124e63c8') in 0.0298053 seconds
Number of updated asset objects reloaded before import = 0Number of asset objects unloaded after import = 3

========================================================================
Received Prepare
Begin MonoManager ReloadAssembly
- Loaded All Assemblies, in  0.399 seconds
Refreshing native plugins compatible for Editor in 0.00 ms, found 0 plugins.
Native extension for Android target not found
Native extension for WindowsStandalone target not found
Mono: successfully reloaded assembly
- Finished resetting the current domain, in  0.707 seconds
Domain Reload Profiling: 1102ms
	BeginReloadAssembly (226ms)
		ExecutionOrderSort (0ms)
		DisableScriptedObjects (6ms)
		BackupInstance (0ms)
		ReleaseScriptingObjects (0ms)
		CreateAndSetChildDomain (34ms)
	RebuildCommonClasses (73ms)
	RebuildNativeTypeToScriptingClass (25ms)
	initialDomainReloadingComplete (36ms)
	LoadAllAssembliesAndSetupDomain (35ms)
		LoadAssemblies (153ms)
		RebuildTransferFunctionScriptingTraits (0ms)
		AnalyzeDomain (24ms)
			TypeCache.Refresh (6ms)
				TypeCache.ScanAssembly (0ms)
			BuildScriptInfoCaches (12ms)
			ResolveRequiredComponents (3ms)
	FinalizeReload (707ms)
		ReleaseScriptCaches (0ms)
		RebuildScriptCaches (0ms)
		SetupLoadedEditorAssemblies (487ms)
			LogAssemblyErrors (0ms)
			InitializePlatformSupportModulesInManaged (21ms)
			SetLoadedEditorAssemblies (7ms)
			BeforeProcessingInitializeOnLoad (112ms)
			ProcessInitializeOnLoadAttributes (256ms)
			ProcessInitializeOnLoadMethodAttributes (72ms)
			AfterProcessingInitializeOnLoad (19ms)
			EditorAssembliesLoaded (1ms)
		ExecutionOrderSort2 (0ms)
		AwakeInstancesAfterBackupRestoration (19ms)
Refreshing native plugins compatible for Editor in 0.00 ms, found 0 plugins.
Preloading 0 native plugins for Editor in 0.00 ms.
Unloading 0 Unused Serialized files (Serialized files now loaded: 0)
Unloading 416 unused Assets / (15.5 KB). Loaded Objects now: 949.
Memory consumption went from 61.3 MB to 61.3 MB.
Total: 10.560500 ms (FindLiveObjects: 0.201100 ms CreateObjectMapping: 0.095800 ms MarkObjects: 9.967700 ms  DeleteObjects: 0.292800 ms)

Prepare: number of updated asset objects reloaded= 0
========================================================================
Received Prepare
Begin MonoManager ReloadAssembly
- Loaded All Assemblies, in  0.342 seconds
Refreshing native plugins compatible for Editor in 0.00 ms, found 0 plugins.
Native extension for Android target not found
Native extension for WindowsStandalone target not found
Mono: successfully reloaded assembly
- Finished resetting the current domain, in  0.695 seconds
Domain Reload Profiling: 1032ms
	BeginReloadAssembly (207ms)
		ExecutionOrderSort (0ms)
		DisableScriptedObjects (6ms)
		BackupInstance (0ms)
		ReleaseScriptingObjects (0ms)
		CreateAndSetChildDomain (28ms)
	RebuildCommonClasses (50ms)
	RebuildNativeTypeToScriptingClass (17ms)
	initialDomainReloadingComplete (30ms)
	LoadAllAssembliesAndSetupDomain (31ms)
		LoadAssemblies (145ms)
		RebuildTransferFunctionScriptingTraits (0ms)
		AnalyzeDomain (21ms)
			TypeCache.Refresh (5ms)
				TypeCache.ScanAssembly (0ms)
			BuildScriptInfoCaches (11ms)
			ResolveRequiredComponents (3ms)
	FinalizeReload (696ms)
		ReleaseScriptCaches (0ms)
		RebuildScriptCaches (0ms)
		SetupLoadedEditorAssemblies (485ms)
			LogAssemblyErrors (0ms)
			InitializePlatformSupportModulesInManaged (21ms)
			SetLoadedEditorAssemblies (6ms)
			BeforeProcessingInitializeOnLoad (114ms)
			ProcessInitializeOnLoadAttributes (260ms)
			ProcessInitializeOnLoadMethodAttributes (66ms)
			AfterProcessingInitializeOnLoad (19ms)
			EditorAssembliesLoaded (0ms)
		ExecutionOrderSort2 (0ms)
		AwakeInstancesAfterBackupRestoration (8ms)
Refreshing native plugins compatible for Editor in 0.00 ms, found 0 plugins.
Preloading 0 native plugins for Editor in 0.00 ms.
Unloading 0 Unused Serialized files (Serialized files now loaded: 0)
Unloading 416 unused Assets / (25.5 KB). Loaded Objects now: 949.
Memory consumption went from 61.3 MB to 61.3 MB.
Total: 8.882600 ms (FindLiveObjects: 0.172600 ms CreateObjectMapping: 0.096100 ms MarkObjects: 8.382000 ms  DeleteObjects: 0.229300 ms)

Prepare: number of updated asset objects reloaded= 0
Editor requested this worker to shutdown with reason: Scaling down because of idle timeout
AssetImportWorker is now disconnected from the server
Process exiting
Exiting without the bug reporter. Application will terminate with return code 0